<?xml version="1.0" encoding="UTF-8"?>
<testsuite xmlns:xsi="http://www.w3.org/2001/XMLSchema-instance" xsi:noNamespaceSchemaLocation="https://maven.apache.org/surefire/maven-surefire-plugin/xsd/surefire-test-report-3.0.xsd" version="3.0" name="api.CreateDashboardTest" time="4.213" tests="2" errors="0" skipped="0" failures="0">
  <properties>
[...]
</properties>
  <testcase name="negativeCreateDashboardTest" classname="api.CreateDashboardTest" time="0.236">
    <system-out><![CDATA[HTTP/1.1 400 
Date: Mon, 21 Apr 2025 22:20:16 GMT
Content-Type: application/json
Transfer-Encoding: chunked
Connection: keep-alive
X-Content-Type-Options: nosniff
X-XSS-Protection: 1; mode=block
Cache-Control: no-cache, no-store, max-age=0, must-revalidate
Pragma: no-cache
Expires: 0
Strict-Transport-Security: max-age=31536000; includeSubDomains
X-Frame-Options: DENY

{
    "errorCode": 4001,
    "message": "Incorrect Request. Invalid JSON input"
}
HTTP/1.1 400 
Date: Mon, 21 Apr 2025 22:20:16 GMT
Content-Type: application/json
Transfer-Encoding: chunked
Connection: keep-alive
X-Content-Type-Options: nosniff
X-XSS-Protection: 1; mode=block
Cache-Control: no-cache, no-store, max-age=0, must-revalidate
Pragma: no-cache
Expires: 0
Strict-Transport-Security: max-age=31536000; includeSubDomains
X-Frame-Options: DENY

{
    "errorCode": 4001,
    "message": "Incorrect Request. Invalid JSON input"
}
]]></system-out>
    <system-err><![CDATA[SLF4J: Failed to load class "org.slf4j.impl.StaticLoggerBinder".
SLF4J: Defaulting to no-operation (NOP) logger implementation
SLF4J: See http://www.slf4j.org/codes.html#StaticLoggerBinder for further details.
]]></system-err>
  </testcase>
  <testcase name="createDashboardTest" classname="api.CreateDashboardTest" time="0.769">
    <system-out><![CDATA[HTTP/1.1 201 
Date: Mon, 21 Apr 2025 22:20:17 GMT
Content-Type: application/json
Transfer-Encoding: chunked
Connection: keep-alive
X-Content-Type-Options: nosniff
X-XSS-Protection: 1; mode=block
Cache-Control: no-cache, no-store, max-age=0, must-revalidate
Pragma: no-cache
Expires: 0
Strict-Transport-Security: max-age=31536000; includeSubDomains
X-Frame-Options: DENY

{
    "id": 366
}
HTTP/1.1 201 
Date: Mon, 21 Apr 2025 22:20:17 GMT
Content-Type: application/json
Transfer-Encoding: chunked
Connection: keep-alive
X-Content-Type-Options: nosniff
X-XSS-Protection: 1; mode=block
Cache-Control: no-cache, no-store, max-age=0, must-revalidate
Pragma: no-cache
Expires: 0
Strict-Transport-Security: max-age=31536000; includeSubDomains
X-Frame-Options: DENY

{
    "id": 366
}
HTTP/1.1 200 
Date: Mon, 21 Apr 2025 22:20:17 GMT
Content-Type: application/json
Transfer-Encoding: chunked
Connection: keep-alive
X-Content-Type-Options: nosniff
X-XSS-Protection: 1; mode=block
Cache-Control: no-cache, no-store, max-age=0, must-revalidate
Pragma: no-cache
Expires: 0
Strict-Transport-Security: max-age=31536000; includeSubDomains
X-Frame-Options: DENY

{
    "content": [
        {
            "description": "My dashboard",
            "owner": "default",
            "id": 366,
            "name": "MyNewDashboard_1745274014499",
            "widgets": [
                
            ]
        }
    ],
    "page": {
        "number": 1,
        "size": 20,
        "totalElements": 1,
        "totalPages": 1
    }
}
]]></system-out>
  </testcase>
</testsuite>